{"meta": {"format": 3, "version": "7.8.0", "timestamp": "2025-05-02T16:07:12.453968", "branch_coverage": false, "show_contexts": false}, "files": {"app.py": {"executed_lines": [1, 8, 9, 10, 11, 12, 13, 14, 16, 24, 25, 28, 30, 35, 36, 40, 42, 52, 53, 54, 56, 58, 59, 61, 70, 71, 72, 73, 74, 76, 83, 84, 85, 86, 87, 88, 91, 92, 93, 94, 96, 97, 98, 99, 103, 104, 106, 108, 115, 116, 117, 118, 126, 130, 136, 137, 143, 151, 152, 155, 161, 162, 174, 180, 181, 195, 204, 205, 218, 227, 228, 237, 246, 247, 277, 286, 287, 305, 308, 309, 310, 311, 314, 315, 316, 318, 319, 320, 321, 329, 331, 334, 335, 336, 337, 340, 341, 343, 344, 345, 347, 350, 352, 358, 362, 368, 369, 370, 409], "summary": {"covered_lines": 97, "num_statements": 190, "percent_covered": 51.05263157894737, "percent_covered_display": "51", "missing_lines": 93, "excluded_lines": 19}, "missing_lines": [17, 19, 20, 21, 23, 100, 101, 110, 111, 112, 113, 114, 119, 120, 121, 124, 138, 139, 140, 141, 153, 163, 164, 167, 168, 169, 170, 172, 182, 183, 186, 187, 188, 190, 191, 193, 206, 207, 208, 210, 211, 214, 216, 229, 230, 233, 235, 249, 252, 253, 255, 258, 259, 260, 263, 266, 269, 288, 291, 292, 294, 295, 298, 299, 301, 322, 323, 324, 325, 326, 327, 348, 372, 374, 375, 377, 378, 379, 381, 382, 384, 385, 386, 387, 388, 389, 390, 391, 393, 395, 396, 397, 399], "excluded_lines": [13, 166, 311, 312, 315, 316, 320, 337, 338, 341, 350, 352, 358, 360, 371, 409, 411, 413, 415], "functions": {"get_db": {"executed_lines": [53, 54, 56, 58, 59], "summary": {"covered_lines": 5, "num_statements": 5, "percent_covered": 100.0, "percent_covered_display": "100", "missing_lines": 0, "excluded_lines": 0}, "missing_lines": [], "excluded_lines": []}, "close_connection": {"executed_lines": [72, 73, 74], "summary": {"covered_lines": 3, "num_statements": 3, "percent_covered": 100.0, "percent_covered_display": "100", "missing_lines": 0, "excluded_lines": 0}, "missing_lines": [], "excluded_lines": []}, "init_db": {"executed_lines": [84, 85, 86, 87, 88], "summary": {"covered_lines": 5, "num_statements": 5, "percent_covered": 100.0, "percent_covered_display": "100", "missing_lines": 0, "excluded_lines": 0}, "missing_lines": [], "excluded_lines": []}, "token_required": {"executed_lines": [93, 126], "summary": {"covered_lines": 2, "num_statements": 2, "percent_covered": 100.0, "percent_covered_display": "100", "missing_lines": 0, "excluded_lines": 0}, "missing_lines": [], "excluded_lines": []}, "token_required.decorated": {"executed_lines": [94, 96, 97, 98, 99, 103, 104, 106, 108, 115, 116, 117, 118], "summary": {"covered_lines": 13, "num_statements": 24, "percent_covered": 54.166666666666664, "percent_covered_display": "54", "missing_lines": 11, "excluded_lines": 0}, "missing_lines": [100, 101, 110, 111, 112, 113, 114, 119, 120, 121, 124], "excluded_lines": []}, "index": {"executed_lines": [], "summary": {"covered_lines": 0, "num_statements": 4, "percent_covered": 0.0, "percent_covered_display": "0", "missing_lines": 4, "excluded_lines": 0}, "missing_lines": [138, 139, 140, 141], "excluded_lines": []}, "health_check": {"executed_lines": [], "summary": {"covered_lines": 0, "num_statements": 1, "percent_covered": 0.0, "percent_covered_display": "0", "missing_lines": 1, "excluded_lines": 0}, "missing_lines": [153], "excluded_lines": []}, "get_users": {"executed_lines": [], "summary": {"covered_lines": 0, "num_statements": 7, "percent_covered": 0.0, "percent_covered_display": "0", "missing_lines": 7, "excluded_lines": 1}, "missing_lines": [163, 164, 167, 168, 169, 170, 172], "excluded_lines": [166]}, "get_posts": {"executed_lines": [], "summary": {"covered_lines": 0, "num_statements": 8, "percent_covered": 0.0, "percent_covered_display": "0", "missing_lines": 8, "excluded_lines": 0}, "missing_lines": [182, 183, 186, 187, 188, 190, 191, 193], "excluded_lines": []}, "get_post": {"executed_lines": [], "summary": {"covered_lines": 0, "num_statements": 7, "percent_covered": 0.0, "percent_covered_display": "0", "missing_lines": 7, "excluded_lines": 0}, "missing_lines": [206, 207, 208, 210, 211, 214, 216], "excluded_lines": []}, "get_post_comments": {"executed_lines": [], "summary": {"covered_lines": 0, "num_statements": 4, "percent_covered": 0.0, "percent_covered_display": "0", "missing_lines": 4, "excluded_lines": 0}, "missing_lines": [229, 230, 233, 235], "excluded_lines": []}, "add_post_comment": {"executed_lines": [], "summary": {"covered_lines": 0, "num_statements": 10, "percent_covered": 0.0, "percent_covered_display": "0", "missing_lines": 10, "excluded_lines": 0}, "missing_lines": [249, 252, 253, 255, 258, 259, 260, 263, 266, 269], "excluded_lines": []}, "delete_comment": {"executed_lines": [], "summary": {"covered_lines": 0, "num_statements": 8, "percent_covered": 0.0, "percent_covered_display": "0", "missing_lines": 8, "excluded_lines": 0}, "missing_lines": [288, 291, 292, 294, 295, 298, 299, 301], "excluded_lines": []}, "register": {"executed_lines": [310, 311, 314, 315, 316, 318, 319, 320, 321, 329], "summary": {"covered_lines": 6, "num_statements": 12, "percent_covered": 50.0, "percent_covered_display": "50", "missing_lines": 6, "excluded_lines": 5}, "missing_lines": [322, 323, 324, 325, 326, 327], "excluded_lines": [311, 312, 315, 316, 320]}, "login": {"executed_lines": [336, 337, 340, 341, 343, 344, 345, 347, 350, 352, 358], "summary": {"covered_lines": 6, "num_statements": 7, "percent_covered": 85.71428571428571, "percent_covered_display": "86", "missing_lines": 1, "excluded_lines": 7}, "missing_lines": [348], "excluded_lines": [337, 338, 341, 350, 352, 358, 360]}, "add_post": {"executed_lines": [], "summary": {"covered_lines": 0, "num_statements": 21, "percent_covered": 0.0, "percent_covered_display": "0", "missing_lines": 21, "excluded_lines": 0}, "missing_lines": [372, 374, 375, 377, 378, 379, 381, 382, 384, 385, 386, 387, 388, 389, 390, 391, 393, 395, 396, 397, 399], "excluded_lines": []}, "": {"executed_lines": [1, 8, 9, 10, 11, 12, 13, 14, 16, 24, 25, 28, 30, 35, 36, 40, 42, 52, 61, 70, 71, 76, 83, 91, 92, 130, 136, 137, 143, 151, 152, 155, 161, 162, 174, 180, 181, 195, 204, 205, 218, 227, 228, 237, 246, 247, 277, 286, 287, 305, 308, 309, 331, 334, 335, 362, 368, 369, 370, 409], "summary": {"covered_lines": 57, "num_statements": 62, "percent_covered": 91.93548387096774, "percent_covered_display": "92", "missing_lines": 5, "excluded_lines": 6}, "missing_lines": [17, 19, 20, 21, 23], "excluded_lines": [13, 371, 409, 411, 413, 415]}}, "classes": {"": {"executed_lines": [1, 8, 9, 10, 11, 12, 13, 14, 16, 24, 25, 28, 30, 35, 36, 40, 42, 52, 53, 54, 56, 58, 59, 61, 70, 71, 72, 73, 74, 76, 83, 84, 85, 86, 87, 88, 91, 92, 93, 94, 96, 97, 98, 99, 103, 104, 106, 108, 115, 116, 117, 118, 126, 130, 136, 137, 143, 151, 152, 155, 161, 162, 174, 180, 181, 195, 204, 205, 218, 227, 228, 237, 246, 247, 277, 286, 287, 305, 308, 309, 310, 311, 314, 315, 316, 318, 319, 320, 321, 329, 331, 334, 335, 336, 337, 340, 341, 343, 344, 345, 347, 350, 352, 358, 362, 368, 369, 370, 409], "summary": {"covered_lines": 97, "num_statements": 190, "percent_covered": 51.05263157894737, "percent_covered_display": "51", "missing_lines": 93, "excluded_lines": 19}, "missing_lines": [17, 19, 20, 21, 23, 100, 101, 110, 111, 112, 113, 114, 119, 120, 121, 124, 138, 139, 140, 141, 153, 163, 164, 167, 168, 169, 170, 172, 182, 183, 186, 187, 188, 190, 191, 193, 206, 207, 208, 210, 211, 214, 216, 229, 230, 233, 235, 249, 252, 253, 255, 258, 259, 260, 263, 266, 269, 288, 291, 292, 294, 295, 298, 299, 301, 322, 323, 324, 325, 326, 327, 348, 372, 374, 375, 377, 378, 379, 381, 382, 384, 385, 386, 387, 388, 389, 390, 391, 393, 395, 396, 397, 399], "excluded_lines": [13, 166, 311, 312, 315, 316, 320, 337, 338, 341, 350, 352, 358, 360, 371, 409, 411, 413, 415]}}}, "build/tests/__init__.py": {"executed_lines": [1], "summary": {"covered_lines": 0, "num_statements": 0, "percent_covered": 100.0, "percent_covered_display": "100", "missing_lines": 0, "excluded_lines": 0}, "missing_lines": [], "excluded_lines": [], "functions": {"": {"executed_lines": [1], "summary": {"covered_lines": 0, "num_statements": 0, "percent_covered": 100.0, "percent_covered_display": "100", "missing_lines": 0, "excluded_lines": 0}, "missing_lines": [], "excluded_lines": []}}, "classes": {"": {"executed_lines": [1], "summary": {"covered_lines": 0, "num_statements": 0, "percent_covered": 100.0, "percent_covered_display": "100", "missing_lines": 0, "excluded_lines": 0}, "missing_lines": [], "excluded_lines": []}}}, "build/tests/conftest.py": {"executed_lines": [1, 4, 5, 6, 7, 10, 11, 12, 15, 17, 18, 21, 24, 25, 28, 30, 31, 33, 36, 37, 39, 40, 42, 43], "summary": {"covered_lines": 22, "num_statements": 22, "percent_covered": 100.0, "percent_covered_display": "100", "missing_lines": 0, "excluded_lines": 1}, "missing_lines": [], "excluded_lines": [11], "functions": {"client": {"executed_lines": [21, 24, 25, 28, 30, 31, 33, 36, 37], "summary": {"covered_lines": 9, "num_statements": 9, "percent_covered": 100.0, "percent_covered_display": "100", "missing_lines": 0, "excluded_lines": 0}, "missing_lines": [], "excluded_lines": []}, "app_context": {"executed_lines": [42, 43], "summary": {"covered_lines": 2, "num_statements": 2, "percent_covered": 100.0, "percent_covered_display": "100", "missing_lines": 0, "excluded_lines": 0}, "missing_lines": [], "excluded_lines": []}, "": {"executed_lines": [1, 4, 5, 6, 7, 10, 11, 12, 15, 17, 18, 39, 40], "summary": {"covered_lines": 11, "num_statements": 11, "percent_covered": 100.0, "percent_covered_display": "100", "missing_lines": 0, "excluded_lines": 1}, "missing_lines": [], "excluded_lines": [11]}}, "classes": {"": {"executed_lines": [1, 4, 5, 6, 7, 10, 11, 12, 15, 17, 18, 21, 24, 25, 28, 30, 31, 33, 36, 37, 39, 40, 42, 43], "summary": {"covered_lines": 22, "num_statements": 22, "percent_covered": 100.0, "percent_covered_display": "100", "missing_lines": 0, "excluded_lines": 1}, "missing_lines": [], "excluded_lines": [11]}}}, "build/tests/test_api.py": {"executed_lines": [1, 4, 5, 12, 13, 24, 25, 39, 40, 62, 63, 95, 96, 113, 114, 132, 133, 162, 163, 176, 177, 199, 200, 227, 228, 236, 237, 245, 246], "summary": {"covered_lines": 28, "num_statements": 128, "percent_covered": 21.875, "percent_covered_display": "22", "missing_lines": 100, "excluded_lines": 6}, "missing_lines": [15, 16, 18, 19, 20, 27, 28, 30, 31, 32, 35, 36, 37, 43, 48, 50, 51, 52, 55, 60, 67, 74, 79, 81, 82, 86, 91, 98, 99, 101, 102, 105, 106, 107, 108, 109, 110, 111, 117, 118, 121, 122, 123, 124, 126, 127, 128, 129, 130, 137, 142, 145, 146, 152, 154, 155, 156, 157, 158, 165, 166, 168, 169, 172, 173, 174, 179, 180, 185, 187, 188, 189, 190, 193, 194, 196, 197, 205, 206, 207, 208, 209, 212, 213, 215, 216, 219, 220, 222, 223, 230, 231, 233, 234, 239, 240, 242, 243, 249, 254], "excluded_lines": [42, 66, 84, 85, 136, 256], "functions": {"test_health_check": {"executed_lines": [], "summary": {"covered_lines": 0, "num_statements": 5, "percent_covered": 0.0, "percent_covered_display": "0", "missing_lines": 5, "excluded_lines": 0}, "missing_lines": [15, 16, 18, 19, 20], "excluded_lines": []}, "test_get_users": {"executed_lines": [], "summary": {"covered_lines": 0, "num_statements": 8, "percent_covered": 0.0, "percent_covered_display": "0", "missing_lines": 8, "excluded_lines": 0}, "missing_lines": [27, 28, 30, 31, 32, 35, 36, 37], "excluded_lines": []}, "test_register_user": {"executed_lines": [], "summary": {"covered_lines": 0, "num_statements": 7, "percent_covered": 0.0, "percent_covered_display": "0", "missing_lines": 7, "excluded_lines": 1}, "missing_lines": [43, 48, 50, 51, 52, 55, 60], "excluded_lines": [42]}, "test_login_user": {"executed_lines": [], "summary": {"covered_lines": 0, "num_statements": 7, "percent_covered": 0.0, "percent_covered_display": "0", "missing_lines": 7, "excluded_lines": 3}, "missing_lines": [67, 74, 79, 81, 82, 86, 91], "excluded_lines": [66, 84, 85]}, "test_get_posts": {"executed_lines": [], "summary": {"covered_lines": 0, "num_statements": 11, "percent_covered": 0.0, "percent_covered_display": "0", "missing_lines": 11, "excluded_lines": 0}, "missing_lines": [98, 99, 101, 102, 105, 106, 107, 108, 109, 110, 111], "excluded_lines": []}, "test_get_post": {"executed_lines": [], "summary": {"covered_lines": 0, "num_statements": 11, "percent_covered": 0.0, "percent_covered_display": "0", "missing_lines": 11, "excluded_lines": 0}, "missing_lines": [117, 118, 121, 122, 123, 124, 126, 127, 128, 129, 130], "excluded_lines": []}, "test_add_post": {"executed_lines": [], "summary": {"covered_lines": 0, "num_statements": 10, "percent_covered": 0.0, "percent_covered_display": "0", "missing_lines": 10, "excluded_lines": 1}, "missing_lines": [137, 142, 145, 146, 152, 154, 155, 156, 157, 158], "excluded_lines": [136]}, "test_get_comments": {"executed_lines": [], "summary": {"covered_lines": 0, "num_statements": 7, "percent_covered": 0.0, "percent_covered_display": "0", "missing_lines": 7, "excluded_lines": 0}, "missing_lines": [165, 166, 168, 169, 172, 173, 174], "excluded_lines": []}, "test_add_comment": {"executed_lines": [], "summary": {"covered_lines": 0, "num_statements": 11, "percent_covered": 0.0, "percent_covered_display": "0", "missing_lines": 11, "excluded_lines": 0}, "missing_lines": [179, 180, 185, 187, 188, 189, 190, 193, 194, 196, 197], "excluded_lines": []}, "test_delete_comment": {"executed_lines": [], "summary": {"covered_lines": 0, "num_statements": 13, "percent_covered": 0.0, "percent_covered_display": "0", "missing_lines": 13, "excluded_lines": 0}, "missing_lines": [205, 206, 207, 208, 209, 212, 213, 215, 216, 219, 220, 222, 223], "excluded_lines": []}, "test_nonexistent_post": {"executed_lines": [], "summary": {"covered_lines": 0, "num_statements": 4, "percent_covered": 0.0, "percent_covered_display": "0", "missing_lines": 4, "excluded_lines": 0}, "missing_lines": [230, 231, 233, 234], "excluded_lines": []}, "test_nonexistent_comment": {"executed_lines": [], "summary": {"covered_lines": 0, "num_statements": 4, "percent_covered": 0.0, "percent_covered_display": "0", "missing_lines": 4, "excluded_lines": 0}, "missing_lines": [239, 240, 242, 243], "excluded_lines": []}, "test_invalid_comment_data": {"executed_lines": [], "summary": {"covered_lines": 0, "num_statements": 2, "percent_covered": 0.0, "percent_covered_display": "0", "missing_lines": 2, "excluded_lines": 0}, "missing_lines": [249, 254], "excluded_lines": []}, "": {"executed_lines": [1, 4, 5, 12, 13, 24, 25, 39, 40, 62, 63, 95, 96, 113, 114, 132, 133, 162, 163, 176, 177, 199, 200, 227, 228, 236, 237, 245, 246], "summary": {"covered_lines": 28, "num_statements": 28, "percent_covered": 100.0, "percent_covered_display": "100", "missing_lines": 0, "excluded_lines": 1}, "missing_lines": [], "excluded_lines": [256]}}, "classes": {"": {"executed_lines": [1, 4, 5, 12, 13, 24, 25, 39, 40, 62, 63, 95, 96, 113, 114, 132, 133, 162, 163, 176, 177, 199, 200, 227, 228, 236, 237, 245, 246], "summary": {"covered_lines": 28, "num_statements": 128, "percent_covered": 21.875, "percent_covered_display": "22", "missing_lines": 100, "excluded_lines": 6}, "missing_lines": [15, 16, 18, 19, 20, 27, 28, 30, 31, 32, 35, 36, 37, 43, 48, 50, 51, 52, 55, 60, 67, 74, 79, 81, 82, 86, 91, 98, 99, 101, 102, 105, 106, 107, 108, 109, 110, 111, 117, 118, 121, 122, 123, 124, 126, 127, 128, 129, 130, 137, 142, 145, 146, 152, 154, 155, 156, 157, 158, 165, 166, 168, 169, 172, 173, 174, 179, 180, 185, 187, 188, 189, 190, 193, 194, 196, 197, 205, 206, 207, 208, 209, 212, 213, 215, 216, 219, 220, 222, 223, 230, 231, 233, 234, 239, 240, 242, 243, 249, 254], "excluded_lines": [42, 66, 84, 85, 136, 256]}}}, "build/tests/test_auth.py": {"executed_lines": [1, 4, 5, 6, 7, 8, 9, 10, 13, 14, 18, 19, 22, 23, 26, 33, 39, 40, 43, 46, 48, 49, 50, 51, 54, 55, 58, 59, 60, 62, 63, 66, 67, 74, 75, 76, 78, 79, 82, 88, 89, 90, 92, 93, 94, 98, 101, 102, 105, 112, 119, 120, 121, 124, 131, 134, 141, 142, 143], "summary": {"covered_lines": 51, "num_statements": 51, "percent_covered": 100.0, "percent_covered_display": "100", "missing_lines": 0, "excluded_lines": 7}, "missing_lines": [], "excluded_lines": [14, 23, 26, 33, 102, 105, 112], "functions": {"test_token_generation": {"executed_lines": [22, 23, 26, 33, 39, 40, 43, 46, 48, 49, 50, 51, 54, 55, 58, 59, 60], "summary": {"covered_lines": 14, "num_statements": 14, "percent_covered": 100.0, "percent_covered_display": "100", "missing_lines": 0, "excluded_lines": 3}, "missing_lines": [], "excluded_lines": [23, 26, 33]}, "test_invalid_token_access": {"executed_lines": [66, 67, 74, 75, 76], "summary": {"covered_lines": 5, "num_statements": 5, "percent_covered": 100.0, "percent_covered_display": "100", "missing_lines": 0, "excluded_lines": 0}, "missing_lines": [], "excluded_lines": []}, "test_missing_token_access": {"executed_lines": [82, 88, 89, 90], "summary": {"covered_lines": 4, "num_statements": 4, "percent_covered": 100.0, "percent_covered_display": "100", "missing_lines": 0, "excluded_lines": 0}, "missing_lines": [], "excluded_lines": []}, "test_expired_token": {"executed_lines": [98, 101, 102, 105, 112, 119, 120, 121, 124, 131, 134, 141, 142, 143], "summary": {"covered_lines": 11, "num_statements": 11, "percent_covered": 100.0, "percent_covered_display": "100", "missing_lines": 0, "excluded_lines": 3}, "missing_lines": [], "excluded_lines": [102, 105, 112]}, "": {"executed_lines": [1, 4, 5, 6, 7, 8, 9, 10, 13, 14, 18, 19, 62, 63, 78, 79, 92, 93, 94], "summary": {"covered_lines": 17, "num_statements": 17, "percent_covered": 100.0, "percent_covered_display": "100", "missing_lines": 0, "excluded_lines": 1}, "missing_lines": [], "excluded_lines": [14]}}, "classes": {"": {"executed_lines": [1, 4, 5, 6, 7, 8, 9, 10, 13, 14, 18, 19, 22, 23, 26, 33, 39, 40, 43, 46, 48, 49, 50, 51, 54, 55, 58, 59, 60, 62, 63, 66, 67, 74, 75, 76, 78, 79, 82, 88, 89, 90, 92, 93, 94, 98, 101, 102, 105, 112, 119, 120, 121, 124, 131, 134, 141, 142, 143], "summary": {"covered_lines": 51, "num_statements": 51, "percent_covered": 100.0, "percent_covered_display": "100", "missing_lines": 0, "excluded_lines": 7}, "missing_lines": [], "excluded_lines": [14, 23, 26, 33, 102, 105, 112]}}}, "build/tests/test_database.py": {"executed_lines": [1, 4, 5, 6, 7, 8, 11, 12, 13, 16, 17, 20, 22, 24, 27, 28, 31, 32, 33, 36, 37, 38, 41, 42, 44, 45, 48, 50, 51, 53, 54, 56, 59, 62, 63, 66, 67, 70, 71, 73, 74, 76, 77, 79, 80, 83, 85, 86, 89, 93, 95, 96, 98, 101, 103, 106, 107, 110, 111, 112, 115, 116, 117, 119, 120, 122, 125, 127, 130, 131, 134, 135, 136, 137, 140, 141, 142], "summary": {"covered_lines": 73, "num_statements": 73, "percent_covered": 100.0, "percent_covered_display": "100", "missing_lines": 0, "excluded_lines": 3}, "missing_lines": [], "excluded_lines": [12, 112, 117], "functions": {"test_get_db_connection": {"executed_lines": [20, 22, 24, 27, 28, 31, 32, 33, 36, 37, 38, 41, 42], "summary": {"covered_lines": 13, "num_statements": 13, "percent_covered": 100.0, "percent_covered_display": "100", "missing_lines": 0, "excluded_lines": 0}, "missing_lines": [], "excluded_lines": []}, "test_init_db": {"executed_lines": [48, 50, 51, 53, 54, 56, 59, 62, 63, 66, 67, 70, 71, 73, 74], "summary": {"covered_lines": 15, "num_statements": 15, "percent_covered": 100.0, "percent_covered_display": "100", "missing_lines": 0, "excluded_lines": 0}, "missing_lines": [], "excluded_lines": []}, "test_close_connection": {"executed_lines": [79, 80, 83, 85, 86, 89, 93], "summary": {"covered_lines": 7, "num_statements": 7, "percent_covered": 100.0, "percent_covered_display": "100", "missing_lines": 0, "excluded_lines": 0}, "missing_lines": [], "excluded_lines": []}, "test_db_schema_users": {"executed_lines": [98, 101, 103, 106, 107, 110, 111, 112, 115, 116, 117], "summary": {"covered_lines": 9, "num_statements": 9, "percent_covered": 100.0, "percent_covered_display": "100", "missing_lines": 0, "excluded_lines": 2}, "missing_lines": [], "excluded_lines": [112, 117]}, "test_db_schema_comments": {"executed_lines": [122, 125, 127, 130, 131, 134, 135, 136, 137, 140, 141, 142], "summary": {"covered_lines": 12, "num_statements": 12, "percent_covered": 100.0, "percent_covered_display": "100", "missing_lines": 0, "excluded_lines": 0}, "missing_lines": [], "excluded_lines": []}, "": {"executed_lines": [1, 4, 5, 6, 7, 8, 11, 12, 13, 16, 17, 44, 45, 76, 77, 95, 96, 119, 120], "summary": {"covered_lines": 17, "num_statements": 17, "percent_covered": 100.0, "percent_covered_display": "100", "missing_lines": 0, "excluded_lines": 1}, "missing_lines": [], "excluded_lines": [12]}}, "classes": {"": {"executed_lines": [1, 4, 5, 6, 7, 8, 11, 12, 13, 16, 17, 20, 22, 24, 27, 28, 31, 32, 33, 36, 37, 38, 41, 42, 44, 45, 48, 50, 51, 53, 54, 56, 59, 62, 63, 66, 67, 70, 71, 73, 74, 76, 77, 79, 80, 83, 85, 86, 89, 93, 95, 96, 98, 101, 103, 106, 107, 110, 111, 112, 115, 116, 117, 119, 120, 122, 125, 127, 130, 131, 134, 135, 136, 137, 140, 141, 142], "summary": {"covered_lines": 73, "num_statements": 73, "percent_covered": 100.0, "percent_covered_display": "100", "missing_lines": 0, "excluded_lines": 3}, "missing_lines": [], "excluded_lines": [12, 112, 117]}}}, "build/tests/test_db_utils.py": {"executed_lines": [1, 4, 5, 6, 7, 10, 11, 12, 14, 25, 27, 28, 31, 34, 37, 38, 40, 42, 46, 48, 52, 54, 57, 59, 61, 69, 70, 73, 74], "summary": {"covered_lines": 22, "num_statements": 22, "percent_covered": 100.0, "percent_covered_display": "100", "missing_lines": 0, "excluded_lines": 7}, "missing_lines": [], "excluded_lines": [7, 11, 36, 37, 38, 40, 42], "functions": {"create_test_db": {"executed_lines": [25, 27, 28, 31, 34, 37, 38, 40, 42, 46, 48, 52, 54, 57, 59], "summary": {"covered_lines": 11, "num_statements": 11, "percent_covered": 100.0, "percent_covered_display": "100", "missing_lines": 0, "excluded_lines": 5}, "missing_lines": [], "excluded_lines": [36, 37, 38, 40, 42]}, "teardown_test_db": {"executed_lines": [69, 70, 73, 74], "summary": {"covered_lines": 4, "num_statements": 4, "percent_covered": 100.0, "percent_covered_display": "100", "missing_lines": 0, "excluded_lines": 0}, "missing_lines": [], "excluded_lines": []}, "": {"executed_lines": [1, 4, 5, 6, 7, 10, 11, 12, 14, 61], "summary": {"covered_lines": 7, "num_statements": 7, "percent_covered": 100.0, "percent_covered_display": "100", "missing_lines": 0, "excluded_lines": 2}, "missing_lines": [], "excluded_lines": [7, 11]}}, "classes": {"": {"executed_lines": [1, 4, 5, 6, 7, 10, 11, 12, 14, 25, 27, 28, 31, 34, 37, 38, 40, 42, 46, 48, 52, 54, 57, 59, 61, 69, 70, 73, 74], "summary": {"covered_lines": 22, "num_statements": 22, "percent_covered": 100.0, "percent_covered_display": "100", "missing_lines": 0, "excluded_lines": 7}, "missing_lines": [], "excluded_lines": [7, 11, 36, 37, 38, 40, 42]}}}, "create_test_user.py": {"executed_lines": [], "summary": {"covered_lines": 0, "num_statements": 5, "percent_covered": 0.0, "percent_covered_display": "0", "missing_lines": 5, "excluded_lines": 40}, "missing_lines": [4, 5, 6, 10, 11], "excluded_lines": [7, 13, 14, 15, 16, 17, 18, 19, 20, 21, 22, 23, 24, 25, 26, 27, 28, 29, 30, 31, 32, 33, 34, 35, 36, 37, 38, 39, 40, 42, 44, 45, 47, 48, 49, 50, 51, 52, 53, 55], "functions": {"create_test_user": {"executed_lines": [], "summary": {"covered_lines": 0, "num_statements": 0, "percent_covered": 100.0, "percent_covered_display": "100", "missing_lines": 0, "excluded_lines": 27}, "missing_lines": [], "excluded_lines": [14, 15, 16, 17, 18, 19, 20, 21, 22, 23, 24, 25, 26, 27, 28, 29, 30, 31, 32, 33, 34, 35, 36, 37, 38, 39, 40]}, "": {"executed_lines": [], "summary": {"covered_lines": 0, "num_statements": 5, "percent_covered": 0.0, "percent_covered_display": "0", "missing_lines": 5, "excluded_lines": 13}, "missing_lines": [4, 5, 6, 10, 11], "excluded_lines": [7, 13, 42, 44, 45, 47, 48, 49, 50, 51, 52, 53, 55]}}, "classes": {"": {"executed_lines": [], "summary": {"covered_lines": 0, "num_statements": 5, "percent_covered": 0.0, "percent_covered_display": "0", "missing_lines": 5, "excluded_lines": 40}, "missing_lines": [4, 5, 6, 10, 11], "excluded_lines": [7, 13, 14, 15, 16, 17, 18, 19, 20, 21, 22, 23, 24, 25, 26, 27, 28, 29, 30, 31, 32, 33, 34, 35, 36, 37, 38, 39, 40, 42, 44, 45, 47, 48, 49, 50, 51, 52, 53, 55]}}}, "init_db.py": {"executed_lines": [], "summary": {"covered_lines": 0, "num_statements": 16, "percent_covered": 0.0, "percent_covered_display": "0", "missing_lines": 16, "excluded_lines": 3}, "missing_lines": [7, 8, 14, 16, 18, 19, 20, 22, 24, 27, 34, 35, 36, 37, 39, 41], "excluded_lines": [11, 43, 44], "functions": {"initialize_database": {"executed_lines": [], "summary": {"covered_lines": 0, "num_statements": 12, "percent_covered": 0.0, "percent_covered_display": "0", "missing_lines": 12, "excluded_lines": 0}, "missing_lines": [18, 19, 20, 22, 24, 27, 34, 35, 36, 37, 39, 41], "excluded_lines": []}, "": {"executed_lines": [], "summary": {"covered_lines": 0, "num_statements": 4, "percent_covered": 0.0, "percent_covered_display": "0", "missing_lines": 4, "excluded_lines": 3}, "missing_lines": [7, 8, 14, 16], "excluded_lines": [11, 43, 44]}}, "classes": {"": {"executed_lines": [], "summary": {"covered_lines": 0, "num_statements": 16, "percent_covered": 0.0, "percent_covered_display": "0", "missing_lines": 16, "excluded_lines": 3}, "missing_lines": [7, 8, 14, 16, 18, 19, 20, 22, 24, 27, 34, 35, 36, 37, 39, 41], "excluded_lines": [11, 43, 44]}}}}, "totals": {"covered_lines": 293, "num_statements": 507, "percent_covered": 57.790927021696255, "percent_covered_display": "58", "missing_lines": 214, "excluded_lines": 86}}